mai 04, 2023 11:34:03 AM org.codehaus.groovy.vmplugin.v8.IndyInterface fromCache
INFOS: On rentre dans buildIndex
mai 04, 2023 11:34:03 AM org.codehaus.groovy.vmplugin.v8.IndyInterface fromCache
PRÉCIS: Voici la liste de mots [L, ’, usage,  , de,  , ces,  , pesticides,  , n, ’, était,  , donc,  , pas,  , défensif,  : , les,  , producteurs,  , de,  , maïs,  , du,  , Nord, -, Ouest,  , italien,  , les,  , utilisaient,  , plutôt,  , comme,  , une,  , assurance, -, récolte, . , Une,  , assurance,  ? , Voilà,  , qui,  , n, ’, est,  , pas,  , complètement,  , irrationnel, . , Mais,  , pas,  , complètement,  , satisfaisant,  , non,  , plus, , , car,  « , l, ’, écrasante,  , majorité,  , de,  , ces,  , agriculteurs,  , dépensaient,  , en,  , définitive,  , des,  , sommes,  , importantes,  , pour,  , des,  , produits,  , qui,  , nuisaient,  , à,  , leur,  , santé, , , à,  , l, ’, environnement, , , à,  , leurs,  , cultures,  , et,  , n, ’, apportaient,  , rien,  , à,  , la,  , rentabilité,  , de,  , leur,  , exploitation,  ». , Ce,  , qui,  , fait,  , beaucoup, .
, En,  , 2008, , , l, ’, interdiction,  , de,  , certains,  , néonicotinoïdes,  , par,  , le,  , gouvernement,  , italien,  , donne,  , à,  , Lorenzo,  , Furlan,  , l, ’, opportunité,  , de,  , remettre,  , en,  , selle,  , l, ’, idée,  , qui,  , lui,  , était,  , venue,  , voilà,  , trente,  , ans,  
]
mai 04, 2023 11:34:04 AM org.codehaus.groovy.vmplugin.v8.IndyInterface fromCache
INFOS: On rentre dans buildIndex
mai 04, 2023 11:34:04 AM org.codehaus.groovy.vmplugin.v8.IndyInterface fromCache
PRÉCIS: Voici la liste de mots [Pour,  , le,  , deuxième,  , hiver,  , consécutif, , , Delhi,  , étouffe,  , sous,  , la,  , pollution, . , Dans,  , la,  , nuit,  , du,  , 6,  , au,  , 7,  , novembre, , , alors,  , que,  , les,  , températures,  , chutaient,  , à,  , l, ’, approche,  , de,  , l, ’, hiver, , , quand,  , le,  , vent,  , s, ’, est,  , arrêté,  , de,  , souffler, , , des,  , milliards,  , de,  , milliards,  , de,  , particules,  , fines,  , ont,  , été,  , prises,  , au,  , piège,  , dans,  , l, ’, atmosphère,  , de,  , la,  , capitale,  , indienne, . 
, En,  , 2015, , , la,  , pollution,  , atmosphérique,  , a,  , entraîné,  , 525,  , 000,  , morts,  , prématurées,  , en,  , Inde, . , En,  , Chine, , , en,  , décembre,  , 2016, , , quelque,  , 460,  , millions,  , de,  , personnes,  , ont,  , été,  , affectées,  , par,  , le,  , smog,  , de,  , Pékin, .
, Les,  , résultats,  , d, ’, une,  , étude,  , publiée,  , en,  , novembre,  , 2016,  , sur,  , le,  , site,  , de,  , la,  , revue,  , Proceedings,  , of,  , the,  , National,  , Academy,  , of,  , Sciences,  , montrent,  , que,  , le,  , smog,  , en,  , Chine,  , et,  , le,  , brouillard,  , de,  , Londres,  , qui, , , au,  , cours,  , de,  , l, ’, hiver,  , 1952, , , tua,  , quelque,  , 12,  , 000,  , personnes,  , en,  , cinq,  , jours,  , sont,  , dus,  , à,  , des,  , processus,  , de,  , réaction,  , chimique,  , similaires, . , Le,  , responsable,  , n, ’, est,  , autre,  , que,  , le,  , dioxyde,  , d, ’, azote,  , issu,  , de,  , la,  , combustion,  , du,  , charbon, . , Mélangé,  , au,  , dioxyde,  , de,  , soufre, , , issu,  , de,  , la,  , même,  , combustion, , , il,  , crée,  , un,  , acide,  , sulfurique,  , et,  , un,  , brouillard,  , épais, 
]
mai 04, 2023 11:34:04 AM org.codehaus.groovy.vmplugin.v8.IndyInterface fromCache
INFOS: On rentre dans buildIndex
mai 04, 2023 11:34:04 AM org.codehaus.groovy.vmplugin.v8.IndyInterface fromCache
PRÉCIS: Voici la liste de mots [Pendant,  , la,  , crise,  , économique,  , des,  , années,  , 1930, , , au,  , Brésil, , , on,  , brûlait,  , du,  , café,  , dans,  , les,  , chaudières,  , des,  , locomotives, . , A,  , partir,  , de,  , lundi,  , 20,  , novembre, , , ce,  , sont,  , des,  , bus,  , rouges,  , de,  , Londres,  , qui,  , vont,  , rouler,  , au,  , café, , , pour,  , des,  , raisons,  , écologiques,  , cette,  , fois, . , Plus,  , précisément, , , leur,  , moteur,  , sera,  , alimenté,  , par,  , un,  , carburant,  , composé,  , de,  , 80,  % , de,  , diesel,  , et,  , de,  , 20,  % , de,  , biocarburants,  , comprenant,  , de,  , l, ’, huile,  , extraite,  , du,  , recyclage,  , de,  , marc,  , de,  , café, .

, Depuis,  , quatre,  , ans, , , la,  , start, -, up,  , britannique,  , Bio, -, Bean,  , a,  , développé,  , un,  , procédé,  , de,  , recyclage,  , des,  , déchets,  , de,  , café,  , en,  , combustible,  , domestique,  , pour,  , poêles,  , et,  , cheminées, , , sous,  , forme,  , de,  , briquettes, . , La,  , société, , , qui,  , emploie,  , désormais,  , quarante,  , salariés, , , a,  , reçu,  , le,  , soutien,  , financier,  , et,  , technique,  , du,  , groupe,  , pétrolier,  , anglo, -, néerlandais,  , Shell,  , pour,  , convertir,  , le,  , marc,  , de,  , café,  , en,  , carburant,  , vert, .
]
mai 04, 2023 11:34:04 AM org.codehaus.groovy.vmplugin.v8.IndyInterface fromCache
INFOS: On rentre dans buildIndex
mai 04, 2023 11:34:04 AM org.codehaus.groovy.vmplugin.v8.IndyInterface fromCache
PRÉCIS: Voici la liste de mots [L, ’, usage,  , de,  , ces,  , pesticides,  , n, ’, était,  , donc,  , pas,  , défensif,  : , les,  , producteurs,  , de,  , maïs,  , du,  , Nord, -, Ouest,  , italien,  , les,  , utilisaient,  , plutôt,  , comme,  , une,  , assurance, -, récolte, . , Une,  , assurance,  ? , Voilà,  , qui,  , n, ’, est,  , pas,  , complètement,  , irrationnel, . , Mais,  , pas,  , complètement,  , satisfaisant,  , non,  , plus, , , car,  « , l, ’, écrasante,  , majorité,  , de,  , ces,  , agriculteurs,  , dépensaient,  , en,  , définitive,  , des,  , sommes,  , importantes,  , pour,  , des,  , produits,  , qui,  , nuisaient,  , à,  , leur,  , santé, , , à,  , l, ’, environnement, , , à,  , leurs,  , cultures,  , et,  , n, ’, apportaient,  , rien,  , à,  , la,  , rentabilité,  , de,  , leur,  , exploitation,  ». , Ce,  , qui,  , fait,  , beaucoup, .
, En,  , 2008, , , l, ’, interdiction,  , de,  , certains,  , néonicotinoïdes,  , par,  , le,  , gouvernement,  , italien,  , donne,  , à,  , Lorenzo,  , Furlan,  , l, ’, opportunité,  , de,  , remettre,  , en,  , selle,  , l, ’, idée,  , qui,  , lui,  , était,  , venue,  , voilà,  , trente,  , ans,  
]
mai 04, 2023 11:34:04 AM org.codehaus.groovy.vmplugin.v8.IndyInterface fromCache
INFOS: On rentre dans buildIndex
mai 04, 2023 11:34:04 AM org.codehaus.groovy.vmplugin.v8.IndyInterface fromCache
PRÉCIS: Voici la liste de mots [Pour,  , le,  , deuxième,  , hiver,  , consécutif, , , Delhi,  , étouffe,  , sous,  , la,  , pollution, . , Dans,  , la,  , nuit,  , du,  , 6,  , au,  , 7,  , novembre, , , alors,  , que,  , les,  , températures,  , chutaient,  , à,  , l, ’, approche,  , de,  , l, ’, hiver, , , quand,  , le,  , vent,  , s, ’, est,  , arrêté,  , de,  , souffler, , , des,  , milliards,  , de,  , milliards,  , de,  , particules,  , fines,  , ont,  , été,  , prises,  , au,  , piège,  , dans,  , l, ’, atmosphère,  , de,  , la,  , capitale,  , indienne, . 
, En,  , 2015, , , la,  , pollution,  , atmosphérique,  , a,  , entraîné,  , 525,  , 000,  , morts,  , prématurées,  , en,  , Inde, . , En,  , Chine, , , en,  , décembre,  , 2016, , , quelque,  , 460,  , millions,  , de,  , personnes,  , ont,  , été,  , affectées,  , par,  , le,  , smog,  , de,  , Pékin, .
, Les,  , résultats,  , d, ’, une,  , étude,  , publiée,  , en,  , novembre,  , 2016,  , sur,  , le,  , site,  , de,  , la,  , revue,  , Proceedings,  , of,  , the,  , National,  , Academy,  , of,  , Sciences,  , montrent,  , que,  , le,  , smog,  , en,  , Chine,  , et,  , le,  , brouillard,  , de,  , Londres,  , qui, , , au,  , cours,  , de,  , l, ’, hiver,  , 1952, , , tua,  , quelque,  , 12,  , 000,  , personnes,  , en,  , cinq,  , jours,  , sont,  , dus,  , à,  , des,  , processus,  , de,  , réaction,  , chimique,  , similaires, . , Le,  , responsable,  , n, ’, est,  , autre,  , que,  , le,  , dioxyde,  , d, ’, azote,  , issu,  , de,  , la,  , combustion,  , du,  , charbon, . , Mélangé,  , au,  , dioxyde,  , de,  , soufre, , , issu,  , de,  , la,  , même,  , combustion, , , il,  , crée,  , un,  , acide,  , sulfurique,  , et,  , un,  , brouillard,  , épais, 
]
mai 04, 2023 11:34:04 AM org.codehaus.groovy.vmplugin.v8.IndyInterface fromCache
INFOS: On rentre dans buildIndex
mai 04, 2023 11:34:04 AM org.codehaus.groovy.vmplugin.v8.IndyInterface fromCache
PRÉCIS: Voici la liste de mots [Pendant,  , la,  , crise,  , économique,  , des,  , années,  , 1930, , , au,  , Brésil, , , on,  , brûlait,  , du,  , café,  , dans,  , les,  , chaudières,  , des,  , locomotives, . , A,  , partir,  , de,  , lundi,  , 20,  , novembre, , , ce,  , sont,  , des,  , bus,  , rouges,  , de,  , Londres,  , qui,  , vont,  , rouler,  , au,  , café, , , pour,  , des,  , raisons,  , écologiques,  , cette,  , fois, . , Plus,  , précisément, , , leur,  , moteur,  , sera,  , alimenté,  , par,  , un,  , carburant,  , composé,  , de,  , 80,  % , de,  , diesel,  , et,  , de,  , 20,  % , de,  , biocarburants,  , comprenant,  , de,  , l, ’, huile,  , extraite,  , du,  , recyclage,  , de,  , marc,  , de,  , café, .

, Depuis,  , quatre,  , ans, , , la,  , start, -, up,  , britannique,  , Bio, -, Bean,  , a,  , développé,  , un,  , procédé,  , de,  , recyclage,  , des,  , déchets,  , de,  , café,  , en,  , combustible,  , domestique,  , pour,  , poêles,  , et,  , cheminées, , , sous,  , forme,  , de,  , briquettes, . , La,  , société, , , qui,  , emploie,  , désormais,  , quarante,  , salariés, , , a,  , reçu,  , le,  , soutien,  , financier,  , et,  , technique,  , du,  , groupe,  , pétrolier,  , anglo, -, néerlandais,  , Shell,  , pour,  , convertir,  , le,  , marc,  , de,  , café,  , en,  , carburant,  , vert, .
]
mai 04, 2023 11:34:04 AM org.codehaus.groovy.vmplugin.v8.IndyInterface fromCache
INFOS: From MainScript [org.formation.model.Index(2023-05-04, 2023-05-04, [usage:1, ces:2, pesticides:1, était:2, donc:1, pas:3, défensif:1,  : :1, les:2, producteurs:1, maïs:1, nord:1, ouest:1, italien:2, utilisaient:1, plutôt:1, comme:1, une:2, assurance:2, récolte:1,  ? :1, voilà:2, qui:4, est:1, complètement:2, irrationnel:1, mais:1, satisfaisant:1, non:1, plus:1, car:1,  « :1, écrasante:1, majorité:1, agriculteurs:1, dépensaient:1, définitive:1, des:2, sommes:1, importantes:1, pour:1, produits:1, nuisaient:1, leur:2, santé:1, environnement:1, leurs:1, cultures:1, apportaient:1, rien:1, rentabilité:1, exploitation:1,  ». :1, fait:1, beaucoup:1, 2008:1, interdiction:1, certains:1, néonicotinoïdes:1, par:1, gouvernement:1, donne:1, lorenzo:1, furlan:1, opportunité:1, remettre:1, selle:1, idée:1, lui:1, venue:1, trente:1, ans:1]), org.formation.model.Index(2023-05-04, 2023-05-04, [pour:1, deuxième:1, hiver:3, consécutif:1, delhi:1, étouffe:1, sous:1, pollution:2, dans:2, nuit:1, novembre:2, alors:1, que:3, les:2, températures:1, chutaient:1, approche:1, quand:1, vent:1, est:2, arrêté:1, souffler:1, des:2, milliards:2, particules:1, fines:1, ont:2, été:2, prises:1, piège:1, atmosphère:1, capitale:1, indienne:1, . 
:1, 2015:1, atmosphérique:1, entraîné:1, 525:1, 000:2, morts:1, prématurées:1, inde:1, chine:2, décembre:1, 2016:2, quelque:2, 460:1, millions:1, personnes:2, affectées:1, par:1, smog:2, pékin:1, résultats:1, une:1, étude:1, publiée:1, sur:1, site:1, revue:1, proceedings:1, the:1, national:1, academy:1, sciences:1, montrent:1, brouillard:2, londres:1, qui:1, cours:1, 1952:1, tua:1, cinq:1, jours:1, sont:1, dus:1, processus:1, réaction:1, chimique:1, similaires:1, responsable:1, autre:1, dioxyde:2, azote:1, issu:2, combustion:2, charbon:1, mélangé:1, soufre:1, même:1, crée:1, acide:1, sulfurique:1, épais:1]), org.formation.model.Index(2023-05-04, 2023-05-04, [pendant:1, crise:1, économique:1, des:5, années:1, 1930:1, brésil:1, brûlait:1, café:5, dans:1, les:1, chaudières:1, locomotives:1, partir:1, lundi:1, novembre:1, sont:1, bus:1, rouges:1, londres:1, qui:2, vont:1, rouler:1, pour:3, raisons:1, écologiques:1, cette:1, fois:1, plus:1, précisément:1, leur:1, moteur:1, sera:1, alimenté:1, par:1, carburant:2, composé:1,  % :2, diesel:1, biocarburants:1, comprenant:1, huile:1, extraite:1, recyclage:2, marc:2, .

:1, depuis:1, quatre:1, ans:1, start:1, britannique:1, bio:1, bean:1, développé:1, procédé:1, déchets:1, combustible:1, domestique:1, poêles:1, cheminées:1, sous:1, forme:1, briquettes:1, société:1, emploie:1, désormais:1, quarante:1, salariés:1, reçu:1, soutien:1, financier:1, technique:1, groupe:1, pétrolier:1, anglo:1, néerlandais:1, shell:1, convertir:1, vert:1]), org.formation.model.Index(2023-05-04, 2023-05-04, [usage:1, ces:2, pesticides:1, était:2, donc:1, pas:3, défensif:1,  : :1, les:2, producteurs:1, maïs:1, nord:1, ouest:1, italien:2, utilisaient:1, plutôt:1, comme:1, une:2, assurance:2, récolte:1,  ? :1, voilà:2, qui:4, est:1, complètement:2, irrationnel:1, mais:1, satisfaisant:1, non:1, plus:1, car:1,  « :1, écrasante:1, majorité:1, agriculteurs:1, dépensaient:1, définitive:1, des:2, sommes:1, importantes:1, pour:1, produits:1, nuisaient:1, leur:2, santé:1, environnement:1, leurs:1, cultures:1, apportaient:1, rien:1, rentabilité:1, exploitation:1,  ». :1, fait:1, beaucoup:1, 2008:1, interdiction:1, certains:1, néonicotinoïdes:1, par:1, gouvernement:1, donne:1, lorenzo:1, furlan:1, opportunité:1, remettre:1, selle:1, idée:1, lui:1, venue:1, trente:1, ans:1]), org.formation.model.Index(2023-05-04, 2023-05-04, [pour:1, deuxième:1, hiver:3, consécutif:1, delhi:1, étouffe:1, sous:1, pollution:2, dans:2, nuit:1, novembre:2, alors:1, que:3, les:2, températures:1, chutaient:1, approche:1, quand:1, vent:1, est:2, arrêté:1, souffler:1, des:2, milliards:2, particules:1, fines:1, ont:2, été:2, prises:1, piège:1, atmosphère:1, capitale:1, indienne:1, . 
:1, 2015:1, atmosphérique:1, entraîné:1, 525:1, 000:2, morts:1, prématurées:1, inde:1, chine:2, décembre:1, 2016:2, quelque:2, 460:1, millions:1, personnes:2, affectées:1, par:1, smog:2, pékin:1, résultats:1, une:1, étude:1, publiée:1, sur:1, site:1, revue:1, proceedings:1, the:1, national:1, academy:1, sciences:1, montrent:1, brouillard:2, londres:1, qui:1, cours:1, 1952:1, tua:1, cinq:1, jours:1, sont:1, dus:1, processus:1, réaction:1, chimique:1, similaires:1, responsable:1, autre:1, dioxyde:2, azote:1, issu:2, combustion:2, charbon:1, mélangé:1, soufre:1, même:1, crée:1, acide:1, sulfurique:1, épais:1]), org.formation.model.Index(2023-05-04, 2023-05-04, [pendant:1, crise:1, économique:1, des:5, années:1, 1930:1, brésil:1, brûlait:1, café:5, dans:1, les:1, chaudières:1, locomotives:1, partir:1, lundi:1, novembre:1, sont:1, bus:1, rouges:1, londres:1, qui:2, vont:1, rouler:1, pour:3, raisons:1, écologiques:1, cette:1, fois:1, plus:1, précisément:1, leur:1, moteur:1, sera:1, alimenté:1, par:1, carburant:2, composé:1,  % :2, diesel:1, biocarburants:1, comprenant:1, huile:1, extraite:1, recyclage:2, marc:2, .

:1, depuis:1, quatre:1, ans:1, start:1, britannique:1, bio:1, bean:1, développé:1, procédé:1, déchets:1, combustible:1, domestique:1, poêles:1, cheminées:1, sous:1, forme:1, briquettes:1, société:1, emploie:1, désormais:1, quarante:1, salariés:1, reçu:1, soutien:1, financier:1, technique:1, groupe:1, pétrolier:1, anglo:1, néerlandais:1, shell:1, convertir:1, vert:1])]
mai 04, 2023 11:34:04 AM org.codehaus.groovy.vmplugin.v8.IndyInterface fromCache
INFOS: {
    "source": "L\u2019usage de ces pesticides n\u2019\u00e9tait donc pas d\u00e9fensif : les producteurs de ma\u00efs du Nord-Ouest italien les utilisaient plut\u00f4t comme une assurance-r\u00e9colte. Une assurance ? Voil\u00e0 qui n\u2019est pas compl\u00e8tement irrationnel. Mais pas compl\u00e8tement satisfaisant non plus, car \u00ab l\u2019\u00e9crasante majorit\u00e9 de ces agriculteurs d\u00e9pensaient en d\u00e9finitive des sommes importantes pour des produits qui nuisaient \u00e0 leur sant\u00e9, \u00e0 l\u2019environnement, \u00e0 leurs cultures et n\u2019apportaient rien \u00e0 la rentabilit\u00e9 de leur exploitation \u00bb. Ce qui fait beaucoup.\nEn 2008, l\u2019interdiction de certains n\u00e9onicotino\u00efdes par le gouvernement italien donne \u00e0 Lorenzo Furlan l\u2019opportunit\u00e9 de remettre en selle l\u2019id\u00e9e qui lui \u00e9tait venue voil\u00e0 trente ans \n",
    "createdDate": {
        "chronology": {
            "calendarType": "iso8601",
            "id": "ISO"
        },
        "dayOfMonth": 4,
        "dayOfWeek": "THURSDAY",
        "dayOfYear": 124,
        "era": "CE",
        "leapYear": false,
        "month": "MAY",
        "monthValue": 5,
        "year": 2023
    },
    "indexedDate": {
        "chronology": {
            "calendarType": "iso8601",
            "id": "ISO"
        },
        "dayOfMonth": 4,
        "dayOfWeek": "THURSDAY",
        "dayOfYear": 124,
        "era": "CE",
        "leapYear": false,
        "month": "MAY",
        "monthValue": 5,
        "year": 2023
    },
    "keywords": {
        "usage": 1,
        "ces": 2,
        "pesticides": 1,
        "\u00e9tait": 2,
        "donc": 1,
        "pas": 3,
        "d\u00e9fensif": 1,
        " : ": 1,
        "les": 2,
        "producteurs": 1,
        "ma\u00efs": 1,
        "nord": 1,
        "ouest": 1,
        "italien": 2,
        "utilisaient": 1,
        "plut\u00f4t": 1,
        "comme": 1,
        "une": 2,
        "assurance": 2,
        "r\u00e9colte": 1,
        " ? ": 1,
        "voil\u00e0": 2,
        "qui": 4,
        "est": 1,
        "compl\u00e8tement": 2,
        "irrationnel": 1,
        "mais": 1,
        "satisfaisant": 1,
        "non": 1,
        "plus": 1,
        "car": 1,
        " \u00ab ": 1,
        "\u00e9crasante": 1,
        "majorit\u00e9": 1,
        "agriculteurs": 1,
        "d\u00e9pensaient": 1,
        "d\u00e9finitive": 1,
        "des": 2,
        "sommes": 1,
        "importantes": 1,
        "pour": 1,
        "produits": 1,
        "nuisaient": 1,
        "leur": 2,
        "sant\u00e9": 1,
        "environnement": 1,
        "leurs": 1,
        "cultures": 1,
        "apportaient": 1,
        "rien": 1,
        "rentabilit\u00e9": 1,
        "exploitation": 1,
        " \u00bb. ": 1,
        "fait": 1,
        "beaucoup": 1,
        "2008": 1,
        "interdiction": 1,
        "certains": 1,
        "n\u00e9onicotino\u00efdes": 1,
        "par": 1,
        "gouvernement": 1,
        "donne": 1,
        "lorenzo": 1,
        "furlan": 1,
        "opportunit\u00e9": 1,
        "remettre": 1,
        "selle": 1,
        "id\u00e9e": 1,
        "lui": 1,
        "venue": 1,
        "trente": 1,
        "ans": 1
    }
}
mai 04, 2023 11:34:04 AM org.codehaus.groovy.vmplugin.v8.IndyInterface fromCache
INFOS: {
    "source": "Pour le deuxi\u00e8me hiver cons\u00e9cutif, Delhi \u00e9touffe sous la pollution. Dans la nuit du 6 au 7 novembre, alors que les temp\u00e9ratures chutaient \u00e0 l\u2019approche de l\u2019hiver, quand le vent s\u2019est arr\u00eat\u00e9 de souffler, des milliards de milliards de particules fines ont \u00e9t\u00e9 prises au pi\u00e8ge dans l\u2019atmosph\u00e8re de la capitale indienne. \nEn 2015, la pollution atmosph\u00e9rique a entra\u00een\u00e9 525 000 morts pr\u00e9matur\u00e9es en Inde. En Chine, en d\u00e9cembre 2016, quelque 460 millions de personnes ont \u00e9t\u00e9 affect\u00e9es par le smog de P\u00e9kin.\nLes r\u00e9sultats d\u2019une \u00e9tude publi\u00e9e en novembre 2016 sur le site de la revue Proceedings of the National Academy of Sciences montrent que le smog en Chine et le brouillard de Londres qui, au cours de l\u2019hiver 1952, tua quelque 12 000 personnes en cinq jours sont dus \u00e0 des processus de r\u00e9action chimique similaires. Le responsable n\u2019est autre que le dioxyde d\u2019azote issu de la combustion du charbon. M\u00e9lang\u00e9 au dioxyde de soufre, issu de la m\u00eame combustion, il cr\u00e9e un acide sulfurique et un brouillard \u00e9pais\n",
    "createdDate": {
        "chronology": {
            "calendarType": "iso8601",
            "id": "ISO"
        },
        "dayOfMonth": 4,
        "dayOfWeek": "THURSDAY",
        "dayOfYear": 124,
        "era": "CE",
        "leapYear": false,
        "month": "MAY",
        "monthValue": 5,
        "year": 2023
    },
    "indexedDate": {
        "chronology": {
            "calendarType": "iso8601",
            "id": "ISO"
        },
        "dayOfMonth": 4,
        "dayOfWeek": "THURSDAY",
        "dayOfYear": 124,
        "era": "CE",
        "leapYear": false,
        "month": "MAY",
        "monthValue": 5,
        "year": 2023
    },
    "keywords": {
        "pour": 1,
        "deuxi\u00e8me": 1,
        "hiver": 3,
        "cons\u00e9cutif": 1,
        "delhi": 1,
        "\u00e9touffe": 1,
        "sous": 1,
        "pollution": 2,
        "dans": 2,
        "nuit": 1,
        "novembre": 2,
        "alors": 1,
        "que": 3,
        "les": 2,
        "temp\u00e9ratures": 1,
        "chutaient": 1,
        "approche": 1,
        "quand": 1,
        "vent": 1,
        "est": 2,
        "arr\u00eat\u00e9": 1,
        "souffler": 1,
        "des": 2,
        "milliards": 2,
        "particules": 1,
        "fines": 1,
        "ont": 2,
        "\u00e9t\u00e9": 2,
        "prises": 1,
        "pi\u00e8ge": 1,
        "atmosph\u00e8re": 1,
        "capitale": 1,
        "indienne": 1,
        ". \n": 1,
        "2015": 1,
        "atmosph\u00e9rique": 1,
        "entra\u00een\u00e9": 1,
        "525": 1,
        "000": 2,
        "morts": 1,
        "pr\u00e9matur\u00e9es": 1,
        "inde": 1,
        "chine": 2,
        "d\u00e9cembre": 1,
        "2016": 2,
        "quelque": 2,
        "460": 1,
        "millions": 1,
        "personnes": 2,
        "affect\u00e9es": 1,
        "par": 1,
        "smog": 2,
        "p\u00e9kin": 1,
        "r\u00e9sultats": 1,
        "une": 1,
        "\u00e9tude": 1,
        "publi\u00e9e": 1,
        "sur": 1,
        "site": 1,
        "revue": 1,
        "proceedings": 1,
        "the": 1,
        "national": 1,
        "academy": 1,
        "sciences": 1,
        "montrent": 1,
        "brouillard": 2,
        "londres": 1,
        "qui": 1,
        "cours": 1,
        "1952": 1,
        "tua": 1,
        "cinq": 1,
        "jours": 1,
        "sont": 1,
        "dus": 1,
        "processus": 1,
        "r\u00e9action": 1,
        "chimique": 1,
        "similaires": 1,
        "responsable": 1,
        "autre": 1,
        "dioxyde": 2,
        "azote": 1,
        "issu": 2,
        "combustion": 2,
        "charbon": 1,
        "m\u00e9lang\u00e9": 1,
        "soufre": 1,
        "m\u00eame": 1,
        "cr\u00e9e": 1,
        "acide": 1,
        "sulfurique": 1,
        "\u00e9pais": 1
    }
}
mai 04, 2023 11:34:04 AM org.codehaus.groovy.vmplugin.v8.IndyInterface fromCache
INFOS: {
    "source": "Pendant la crise \u00e9conomique des ann\u00e9es 1930, au Br\u00e9sil, on br\u00fblait du caf\u00e9 dans les chaudi\u00e8res des locomotives. A partir de lundi 20 novembre, ce sont des bus rouges de Londres qui vont rouler au caf\u00e9, pour des raisons \u00e9cologiques cette fois. Plus pr\u00e9cis\u00e9ment, leur moteur sera aliment\u00e9 par un carburant compos\u00e9 de 80 % de diesel et de 20 % de biocarburants comprenant de l\u2019huile extraite du recyclage de marc de caf\u00e9.\n\nDepuis quatre ans, la start-up britannique Bio-Bean a d\u00e9velopp\u00e9 un proc\u00e9d\u00e9 de recyclage des d\u00e9chets de caf\u00e9 en combustible domestique pour po\u00eales et chemin\u00e9es, sous forme de briquettes. La soci\u00e9t\u00e9, qui emploie d\u00e9sormais quarante salari\u00e9s, a re\u00e7u le soutien financier et technique du groupe p\u00e9trolier anglo-n\u00e9erlandais Shell pour convertir le marc de caf\u00e9 en carburant vert.\n",
    "createdDate": {
        "chronology": {
            "calendarType": "iso8601",
            "id": "ISO"
        },
        "dayOfMonth": 4,
        "dayOfWeek": "THURSDAY",
        "dayOfYear": 124,
        "era": "CE",
        "leapYear": false,
        "month": "MAY",
        "monthValue": 5,
        "year": 2023
    },
    "indexedDate": {
        "chronology": {
            "calendarType": "iso8601",
            "id": "ISO"
        },
        "dayOfMonth": 4,
        "dayOfWeek": "THURSDAY",
        "dayOfYear": 124,
        "era": "CE",
        "leapYear": false,
        "month": "MAY",
        "monthValue": 5,
        "year": 2023
    },
    "keywords": {
        "pendant": 1,
        "crise": 1,
        "\u00e9conomique": 1,
        "des": 5,
        "ann\u00e9es": 1,
        "1930": 1,
        "br\u00e9sil": 1,
        "br\u00fblait": 1,
        "caf\u00e9": 5,
        "dans": 1,
        "les": 1,
        "chaudi\u00e8res": 1,
        "locomotives": 1,
        "partir": 1,
        "lundi": 1,
        "novembre": 1,
        "sont": 1,
        "bus": 1,
        "rouges": 1,
        "londres": 1,
        "qui": 2,
        "vont": 1,
        "rouler": 1,
        "pour": 3,
        "raisons": 1,
        "\u00e9cologiques": 1,
        "cette": 1,
        "fois": 1,
        "plus": 1,
        "pr\u00e9cis\u00e9ment": 1,
        "leur": 1,
        "moteur": 1,
        "sera": 1,
        "aliment\u00e9": 1,
        "par": 1,
        "carburant": 2,
        "compos\u00e9": 1,
        " % ": 2,
        "diesel": 1,
        "biocarburants": 1,
        "comprenant": 1,
        "huile": 1,
        "extraite": 1,
        "recyclage": 2,
        "marc": 2,
        ".\n\n": 1,
        "depuis": 1,
        "quatre": 1,
        "ans": 1,
        "start": 1,
        "britannique": 1,
        "bio": 1,
        "bean": 1,
        "d\u00e9velopp\u00e9": 1,
        "proc\u00e9d\u00e9": 1,
        "d\u00e9chets": 1,
        "combustible": 1,
        "domestique": 1,
        "po\u00eales": 1,
        "chemin\u00e9es": 1,
        "sous": 1,
        "forme": 1,
        "briquettes": 1,
        "soci\u00e9t\u00e9": 1,
        "emploie": 1,
        "d\u00e9sormais": 1,
        "quarante": 1,
        "salari\u00e9s": 1,
        "re\u00e7u": 1,
        "soutien": 1,
        "financier": 1,
        "technique": 1,
        "groupe": 1,
        "p\u00e9trolier": 1,
        "anglo": 1,
        "n\u00e9erlandais": 1,
        "shell": 1,
        "convertir": 1,
        "vert": 1
    }
}
mai 04, 2023 11:34:04 AM org.codehaus.groovy.vmplugin.v8.IndyInterface fromCache
INFOS: {
    "source": "L\u2019usage de ces pesticides n\u2019\u00e9tait donc pas d\u00e9fensif : les producteurs de ma\u00efs du Nord-Ouest italien les utilisaient plut\u00f4t comme une assurance-r\u00e9colte. Une assurance ? Voil\u00e0 qui n\u2019est pas compl\u00e8tement irrationnel. Mais pas compl\u00e8tement satisfaisant non plus, car \u00ab l\u2019\u00e9crasante majorit\u00e9 de ces agriculteurs d\u00e9pensaient en d\u00e9finitive des sommes importantes pour des produits qui nuisaient \u00e0 leur sant\u00e9, \u00e0 l\u2019environnement, \u00e0 leurs cultures et n\u2019apportaient rien \u00e0 la rentabilit\u00e9 de leur exploitation \u00bb. Ce qui fait beaucoup.\nEn 2008, l\u2019interdiction de certains n\u00e9onicotino\u00efdes par le gouvernement italien donne \u00e0 Lorenzo Furlan l\u2019opportunit\u00e9 de remettre en selle l\u2019id\u00e9e qui lui \u00e9tait venue voil\u00e0 trente ans \n",
    "createdDate": {
        "chronology": {
            "calendarType": "iso8601",
            "id": "ISO"
        },
        "dayOfMonth": 4,
        "dayOfWeek": "THURSDAY",
        "dayOfYear": 124,
        "era": "CE",
        "leapYear": false,
        "month": "MAY",
        "monthValue": 5,
        "year": 2023
    },
    "indexedDate": {
        "chronology": {
            "calendarType": "iso8601",
            "id": "ISO"
        },
        "dayOfMonth": 4,
        "dayOfWeek": "THURSDAY",
        "dayOfYear": 124,
        "era": "CE",
        "leapYear": false,
        "month": "MAY",
        "monthValue": 5,
        "year": 2023
    },
    "keywords": {
        "usage": 1,
        "ces": 2,
        "pesticides": 1,
        "\u00e9tait": 2,
        "donc": 1,
        "pas": 3,
        "d\u00e9fensif": 1,
        " : ": 1,
        "les": 2,
        "producteurs": 1,
        "ma\u00efs": 1,
        "nord": 1,
        "ouest": 1,
        "italien": 2,
        "utilisaient": 1,
        "plut\u00f4t": 1,
        "comme": 1,
        "une": 2,
        "assurance": 2,
        "r\u00e9colte": 1,
        " ? ": 1,
        "voil\u00e0": 2,
        "qui": 4,
        "est": 1,
        "compl\u00e8tement": 2,
        "irrationnel": 1,
        "mais": 1,
        "satisfaisant": 1,
        "non": 1,
        "plus": 1,
        "car": 1,
        " \u00ab ": 1,
        "\u00e9crasante": 1,
        "majorit\u00e9": 1,
        "agriculteurs": 1,
        "d\u00e9pensaient": 1,
        "d\u00e9finitive": 1,
        "des": 2,
        "sommes": 1,
        "importantes": 1,
        "pour": 1,
        "produits": 1,
        "nuisaient": 1,
        "leur": 2,
        "sant\u00e9": 1,
        "environnement": 1,
        "leurs": 1,
        "cultures": 1,
        "apportaient": 1,
        "rien": 1,
        "rentabilit\u00e9": 1,
        "exploitation": 1,
        " \u00bb. ": 1,
        "fait": 1,
        "beaucoup": 1,
        "2008": 1,
        "interdiction": 1,
        "certains": 1,
        "n\u00e9onicotino\u00efdes": 1,
        "par": 1,
        "gouvernement": 1,
        "donne": 1,
        "lorenzo": 1,
        "furlan": 1,
        "opportunit\u00e9": 1,
        "remettre": 1,
        "selle": 1,
        "id\u00e9e": 1,
        "lui": 1,
        "venue": 1,
        "trente": 1,
        "ans": 1
    }
}
mai 04, 2023 11:34:04 AM org.codehaus.groovy.vmplugin.v8.IndyInterface fromCache
INFOS: {
    "source": "Pour le deuxi\u00e8me hiver cons\u00e9cutif, Delhi \u00e9touffe sous la pollution. Dans la nuit du 6 au 7 novembre, alors que les temp\u00e9ratures chutaient \u00e0 l\u2019approche de l\u2019hiver, quand le vent s\u2019est arr\u00eat\u00e9 de souffler, des milliards de milliards de particules fines ont \u00e9t\u00e9 prises au pi\u00e8ge dans l\u2019atmosph\u00e8re de la capitale indienne. \nEn 2015, la pollution atmosph\u00e9rique a entra\u00een\u00e9 525 000 morts pr\u00e9matur\u00e9es en Inde. En Chine, en d\u00e9cembre 2016, quelque 460 millions de personnes ont \u00e9t\u00e9 affect\u00e9es par le smog de P\u00e9kin.\nLes r\u00e9sultats d\u2019une \u00e9tude publi\u00e9e en novembre 2016 sur le site de la revue Proceedings of the National Academy of Sciences montrent que le smog en Chine et le brouillard de Londres qui, au cours de l\u2019hiver 1952, tua quelque 12 000 personnes en cinq jours sont dus \u00e0 des processus de r\u00e9action chimique similaires. Le responsable n\u2019est autre que le dioxyde d\u2019azote issu de la combustion du charbon. M\u00e9lang\u00e9 au dioxyde de soufre, issu de la m\u00eame combustion, il cr\u00e9e un acide sulfurique et un brouillard \u00e9pais\n",
    "createdDate": {
        "chronology": {
            "calendarType": "iso8601",
            "id": "ISO"
        },
        "dayOfMonth": 4,
        "dayOfWeek": "THURSDAY",
        "dayOfYear": 124,
        "era": "CE",
        "leapYear": false,
        "month": "MAY",
        "monthValue": 5,
        "year": 2023
    },
    "indexedDate": {
        "chronology": {
            "calendarType": "iso8601",
            "id": "ISO"
        },
        "dayOfMonth": 4,
        "dayOfWeek": "THURSDAY",
        "dayOfYear": 124,
        "era": "CE",
        "leapYear": false,
        "month": "MAY",
        "monthValue": 5,
        "year": 2023
    },
    "keywords": {
        "pour": 1,
        "deuxi\u00e8me": 1,
        "hiver": 3,
        "cons\u00e9cutif": 1,
        "delhi": 1,
        "\u00e9touffe": 1,
        "sous": 1,
        "pollution": 2,
        "dans": 2,
        "nuit": 1,
        "novembre": 2,
        "alors": 1,
        "que": 3,
        "les": 2,
        "temp\u00e9ratures": 1,
        "chutaient": 1,
        "approche": 1,
        "quand": 1,
        "vent": 1,
        "est": 2,
        "arr\u00eat\u00e9": 1,
        "souffler": 1,
        "des": 2,
        "milliards": 2,
        "particules": 1,
        "fines": 1,
        "ont": 2,
        "\u00e9t\u00e9": 2,
        "prises": 1,
        "pi\u00e8ge": 1,
        "atmosph\u00e8re": 1,
        "capitale": 1,
        "indienne": 1,
        ". \n": 1,
        "2015": 1,
        "atmosph\u00e9rique": 1,
        "entra\u00een\u00e9": 1,
        "525": 1,
        "000": 2,
        "morts": 1,
        "pr\u00e9matur\u00e9es": 1,
        "inde": 1,
        "chine": 2,
        "d\u00e9cembre": 1,
        "2016": 2,
        "quelque": 2,
        "460": 1,
        "millions": 1,
        "personnes": 2,
        "affect\u00e9es": 1,
        "par": 1,
        "smog": 2,
        "p\u00e9kin": 1,
        "r\u00e9sultats": 1,
        "une": 1,
        "\u00e9tude": 1,
        "publi\u00e9e": 1,
        "sur": 1,
        "site": 1,
        "revue": 1,
        "proceedings": 1,
        "the": 1,
        "national": 1,
        "academy": 1,
        "sciences": 1,
        "montrent": 1,
        "brouillard": 2,
        "londres": 1,
        "qui": 1,
        "cours": 1,
        "1952": 1,
        "tua": 1,
        "cinq": 1,
        "jours": 1,
        "sont": 1,
        "dus": 1,
        "processus": 1,
        "r\u00e9action": 1,
        "chimique": 1,
        "similaires": 1,
        "responsable": 1,
        "autre": 1,
        "dioxyde": 2,
        "azote": 1,
        "issu": 2,
        "combustion": 2,
        "charbon": 1,
        "m\u00e9lang\u00e9": 1,
        "soufre": 1,
        "m\u00eame": 1,
        "cr\u00e9e": 1,
        "acide": 1,
        "sulfurique": 1,
        "\u00e9pais": 1
    }
}
mai 04, 2023 11:34:04 AM org.codehaus.groovy.vmplugin.v8.IndyInterface fromCache
INFOS: {
    "source": "Pendant la crise \u00e9conomique des ann\u00e9es 1930, au Br\u00e9sil, on br\u00fblait du caf\u00e9 dans les chaudi\u00e8res des locomotives. A partir de lundi 20 novembre, ce sont des bus rouges de Londres qui vont rouler au caf\u00e9, pour des raisons \u00e9cologiques cette fois. Plus pr\u00e9cis\u00e9ment, leur moteur sera aliment\u00e9 par un carburant compos\u00e9 de 80 % de diesel et de 20 % de biocarburants comprenant de l\u2019huile extraite du recyclage de marc de caf\u00e9.\n\nDepuis quatre ans, la start-up britannique Bio-Bean a d\u00e9velopp\u00e9 un proc\u00e9d\u00e9 de recyclage des d\u00e9chets de caf\u00e9 en combustible domestique pour po\u00eales et chemin\u00e9es, sous forme de briquettes. La soci\u00e9t\u00e9, qui emploie d\u00e9sormais quarante salari\u00e9s, a re\u00e7u le soutien financier et technique du groupe p\u00e9trolier anglo-n\u00e9erlandais Shell pour convertir le marc de caf\u00e9 en carburant vert.\n",
    "createdDate": {
        "chronology": {
            "calendarType": "iso8601",
            "id": "ISO"
        },
        "dayOfMonth": 4,
        "dayOfWeek": "THURSDAY",
        "dayOfYear": 124,
        "era": "CE",
        "leapYear": false,
        "month": "MAY",
        "monthValue": 5,
        "year": 2023
    },
    "indexedDate": {
        "chronology": {
            "calendarType": "iso8601",
            "id": "ISO"
        },
        "dayOfMonth": 4,
        "dayOfWeek": "THURSDAY",
        "dayOfYear": 124,
        "era": "CE",
        "leapYear": false,
        "month": "MAY",
        "monthValue": 5,
        "year": 2023
    },
    "keywords": {
        "pendant": 1,
        "crise": 1,
        "\u00e9conomique": 1,
        "des": 5,
        "ann\u00e9es": 1,
        "1930": 1,
        "br\u00e9sil": 1,
        "br\u00fblait": 1,
        "caf\u00e9": 5,
        "dans": 1,
        "les": 1,
        "chaudi\u00e8res": 1,
        "locomotives": 1,
        "partir": 1,
        "lundi": 1,
        "novembre": 1,
        "sont": 1,
        "bus": 1,
        "rouges": 1,
        "londres": 1,
        "qui": 2,
        "vont": 1,
        "rouler": 1,
        "pour": 3,
        "raisons": 1,
        "\u00e9cologiques": 1,
        "cette": 1,
        "fois": 1,
        "plus": 1,
        "pr\u00e9cis\u00e9ment": 1,
        "leur": 1,
        "moteur": 1,
        "sera": 1,
        "aliment\u00e9": 1,
        "par": 1,
        "carburant": 2,
        "compos\u00e9": 1,
        " % ": 2,
        "diesel": 1,
        "biocarburants": 1,
        "comprenant": 1,
        "huile": 1,
        "extraite": 1,
        "recyclage": 2,
        "marc": 2,
        ".\n\n": 1,
        "depuis": 1,
        "quatre": 1,
        "ans": 1,
        "start": 1,
        "britannique": 1,
        "bio": 1,
        "bean": 1,
        "d\u00e9velopp\u00e9": 1,
        "proc\u00e9d\u00e9": 1,
        "d\u00e9chets": 1,
        "combustible": 1,
        "domestique": 1,
        "po\u00eales": 1,
        "chemin\u00e9es": 1,
        "sous": 1,
        "forme": 1,
        "briquettes": 1,
        "soci\u00e9t\u00e9": 1,
        "emploie": 1,
        "d\u00e9sormais": 1,
        "quarante": 1,
        "salari\u00e9s": 1,
        "re\u00e7u": 1,
        "soutien": 1,
        "financier": 1,
        "technique": 1,
        "groupe": 1,
        "p\u00e9trolier": 1,
        "anglo": 1,
        "n\u00e9erlandais": 1,
        "shell": 1,
        "convertir": 1,
        "vert": 1
    }
}
